{"/Users/jessechow/development/to-do-full/api/src/app.ts": {"path":"/Users/jessechow/development/to-do-full/api/src/app.ts","statementMap":{"0":{"start":{"line":1,"column":0},"end":{"line":1,"column":67}},"1":{"start":{"line":2,"column":0},"end":{"line":2,"column":37}},"2":{"start":{"line":3,"column":0},"end":{"line":3,"column":27}},"3":{"start":{"line":5,"column":0},"end":{"line":5,"column":24}},"4":{"start":{"line":7,"column":12},"end":{"line":7,"column":21}},"5":{"start":{"line":8,"column":13},"end":{"line":8,"column":17}},"6":{"start":{"line":11,"column":0},"end":{"line":11,"column":16}},"7":{"start":{"line":12,"column":0},"end":{"line":12,"column":27}},"8":{"start":{"line":15,"column":0},"end":{"line":17,"column":3}},"9":{"start":{"line":16,"column":4},"end":{"line":16,"column":46}},"10":{"start":{"line":20,"column":0},"end":{"line":31,"column":3}},"11":{"start":{"line":20,"column":76},"end":{"line":31,"column":2}},"12":{"start":{"line":21,"column":4},"end":{"line":30,"column":null}},"13":{"start":{"line":22,"column":23},"end":{"line":22,"column":76}},"14":{"start":{"line":23,"column":8},"end":{"line":27,"column":null}},"15":{"start":{"line":24,"column":12},"end":{"line":24,"column":34}},"16":{"start":{"line":26,"column":12},"end":{"line":26,"column":58}},"17":{"start":{"line":29,"column":8},"end":{"line":29,"column":16}},"18":{"start":{"line":34,"column":0},"end":{"line":51,"column":2}},"19":{"start":{"line":36,"column":62},"end":{"line":50,"column":null}},"20":{"start":{"line":37,"column":19},"end":{"line":37,"column":42}},"21":{"start":{"line":38,"column":8},"end":{"line":49,"column":null}},"22":{"start":{"line":39,"column":27},"end":{"line":41,"column":14}},"23":{"start":{"line":42,"column":12},"end":{"line":46,"column":null}},"24":{"start":{"line":43,"column":16},"end":{"line":43,"column":41}},"25":{"start":{"line":45,"column":16},"end":{"line":45,"column":68}},"26":{"start":{"line":48,"column":12},"end":{"line":48,"column":20}},"27":{"start":{"line":54,"column":0},"end":{"line":69,"column":3}},"28":{"start":{"line":54,"column":77},"end":{"line":69,"column":2}},"29":{"start":{"line":55,"column":21},"end":{"line":55,"column":29}},"30":{"start":{"line":56,"column":4},"end":{"line":68,"column":null}},"31":{"start":{"line":57,"column":23},"end":{"line":59,"column":null}},"32":{"start":{"line":61,"column":8},"end":{"line":65,"column":null}},"33":{"start":{"line":62,"column":12},"end":{"line":62,"column":49}},"34":{"start":{"line":64,"column":12},"end":{"line":64,"column":63}},"35":{"start":{"line":67,"column":8},"end":{"line":67,"column":16}},"36":{"start":{"line":72,"column":0},"end":{"line":92,"column":2}},"37":{"start":{"line":74,"column":62},"end":{"line":91,"column":null}},"38":{"start":{"line":75,"column":19},"end":{"line":75,"column":42}},"39":{"start":{"line":76,"column":25},"end":{"line":76,"column":33}},"40":{"start":{"line":77,"column":8},"end":{"line":90,"column":null}},"41":{"start":{"line":78,"column":27},"end":{"line":80,"column":null}},"42":{"start":{"line":83,"column":12},"end":{"line":87,"column":null}},"43":{"start":{"line":84,"column":16},"end":{"line":84,"column":61}},"44":{"start":{"line":86,"column":16},"end":{"line":86,"column":67}},"45":{"start":{"line":89,"column":12},"end":{"line":89,"column":20}},"46":{"start":{"line":95,"column":0},"end":{"line":112,"column":2}},"47":{"start":{"line":97,"column":62},"end":{"line":111,"column":null}},"48":{"start":{"line":98,"column":19},"end":{"line":98,"column":42}},"49":{"start":{"line":99,"column":8},"end":{"line":110,"column":null}},"50":{"start":{"line":100,"column":27},"end":{"line":102,"column":14}},"51":{"start":{"line":103,"column":12},"end":{"line":107,"column":null}},"52":{"start":{"line":104,"column":16},"end":{"line":104,"column":61}},"53":{"start":{"line":106,"column":16},"end":{"line":106,"column":67}},"54":{"start":{"line":109,"column":12},"end":{"line":109,"column":20}},"55":{"start":{"line":114,"column":0},"end":{"line":114,"column":19}}},"fnMap":{"0":{"name":"(anonymous_14)","decl":{"start":{"line":15,"column":13},"end":{"line":15,"column":14}},"loc":{"start":{"line":15,"column":45},"end":{"line":17,"column":1}}},"1":{"name":"(anonymous_15)","decl":{"start":{"line":20,"column":18},"end":{"line":20,"column":25}},"loc":{"start":{"line":20,"column":76},"end":{"line":31,"column":2}}},"2":{"name":"(anonymous_16)","decl":{"start":{"line":20,"column":76},"end":{"line":20,"column":null}},"loc":{"start":{"line":20,"column":76},"end":{"line":31,"column":1}}},"3":{"name":"(anonymous_17)","decl":{"start":{"line":36,"column":4},"end":{"line":36,"column":11}},"loc":{"start":{"line":36,"column":62},"end":{"line":50,"column":null}}},"4":{"name":"(anonymous_18)","decl":{"start":{"line":36,"column":62},"end":{"line":36,"column":null}},"loc":{"start":{"line":36,"column":62},"end":{"line":50,"column":5}}},"5":{"name":"(anonymous_19)","decl":{"start":{"line":54,"column":19},"end":{"line":54,"column":26}},"loc":{"start":{"line":54,"column":77},"end":{"line":69,"column":2}}},"6":{"name":"(anonymous_20)","decl":{"start":{"line":54,"column":77},"end":{"line":54,"column":null}},"loc":{"start":{"line":54,"column":77},"end":{"line":69,"column":1}}},"7":{"name":"(anonymous_21)","decl":{"start":{"line":74,"column":4},"end":{"line":74,"column":11}},"loc":{"start":{"line":74,"column":62},"end":{"line":91,"column":null}}},"8":{"name":"(anonymous_22)","decl":{"start":{"line":74,"column":62},"end":{"line":74,"column":null}},"loc":{"start":{"line":74,"column":62},"end":{"line":91,"column":5}}},"9":{"name":"(anonymous_23)","decl":{"start":{"line":97,"column":4},"end":{"line":97,"column":11}},"loc":{"start":{"line":97,"column":62},"end":{"line":111,"column":null}}},"10":{"name":"(anonymous_24)","decl":{"start":{"line":97,"column":62},"end":{"line":97,"column":null}},"loc":{"start":{"line":97,"column":62},"end":{"line":111,"column":5}}}},"branchMap":{"0":{"loc":{"start":{"line":23,"column":8},"end":{"line":27,"column":null}},"type":"if","locations":[{"start":{"line":23,"column":8},"end":{"line":27,"column":null}},{"start":{"line":25,"column":15},"end":{"line":27,"column":null}}]},"1":{"loc":{"start":{"line":23,"column":12},"end":{"line":23,"column":59}},"type":"binary-expr","locations":[{"start":{"line":23,"column":12},"end":{"line":23,"column":18}},{"start":{"line":23,"column":22},"end":{"line":23,"column":33}},{"start":{"line":23,"column":37},"end":{"line":23,"column":59}}]},"2":{"loc":{"start":{"line":42,"column":12},"end":{"line":46,"column":null}},"type":"if","locations":[{"start":{"line":42,"column":12},"end":{"line":46,"column":null}},{"start":{"line":44,"column":19},"end":{"line":46,"column":null}}]},"3":{"loc":{"start":{"line":42,"column":16},"end":{"line":42,"column":63}},"type":"binary-expr","locations":[{"start":{"line":42,"column":16},"end":{"line":42,"column":22}},{"start":{"line":42,"column":26},"end":{"line":42,"column":37}},{"start":{"line":42,"column":41},"end":{"line":42,"column":63}}]},"4":{"loc":{"start":{"line":61,"column":8},"end":{"line":65,"column":null}},"type":"if","locations":[{"start":{"line":61,"column":8},"end":{"line":65,"column":null}},{"start":{"line":63,"column":15},"end":{"line":65,"column":null}}]},"5":{"loc":{"start":{"line":61,"column":12},"end":{"line":61,"column":60}},"type":"binary-expr","locations":[{"start":{"line":61,"column":12},"end":{"line":61,"column":18}},{"start":{"line":61,"column":22},"end":{"line":61,"column":37}},{"start":{"line":61,"column":41},"end":{"line":61,"column":60}}]},"6":{"loc":{"start":{"line":83,"column":12},"end":{"line":87,"column":null}},"type":"if","locations":[{"start":{"line":83,"column":12},"end":{"line":87,"column":null}},{"start":{"line":85,"column":19},"end":{"line":87,"column":null}}]},"7":{"loc":{"start":{"line":83,"column":16},"end":{"line":83,"column":64}},"type":"binary-expr","locations":[{"start":{"line":83,"column":16},"end":{"line":83,"column":22}},{"start":{"line":83,"column":26},"end":{"line":83,"column":41}},{"start":{"line":83,"column":45},"end":{"line":83,"column":64}}]},"8":{"loc":{"start":{"line":103,"column":12},"end":{"line":107,"column":null}},"type":"if","locations":[{"start":{"line":103,"column":12},"end":{"line":107,"column":null}},{"start":{"line":105,"column":19},"end":{"line":107,"column":null}}]},"9":{"loc":{"start":{"line":103,"column":16},"end":{"line":103,"column":64}},"type":"binary-expr","locations":[{"start":{"line":103,"column":16},"end":{"line":103,"column":22}},{"start":{"line":103,"column":26},"end":{"line":103,"column":41}},{"start":{"line":103,"column":45},"end":{"line":103,"column":64}}]}},"s":{"0":1,"1":1,"2":1,"3":1,"4":1,"5":1,"6":1,"7":1,"8":1,"9":1,"10":1,"11":3,"12":3,"13":3,"14":2,"15":1,"16":1,"17":1,"18":1,"19":3,"20":3,"21":3,"22":3,"23":2,"24":1,"25":1,"26":1,"27":1,"28":3,"29":3,"30":3,"31":3,"32":2,"33":1,"34":1,"35":1,"36":1,"37":3,"38":3,"39":3,"40":3,"41":3,"42":2,"43":1,"44":1,"45":1,"46":1,"47":3,"48":3,"49":3,"50":3,"51":2,"52":1,"53":1,"54":1,"55":1},"f":{"0":1,"1":3,"2":3,"3":3,"4":3,"5":3,"6":3,"7":3,"8":3,"9":3,"10":3},"b":{"0":[1,1],"1":[2,2,2],"2":[1,1],"3":[2,2,2],"4":[1,1],"5":[2,2,1],"6":[1,1],"7":[2,2,1],"8":[1,1],"9":[2,2,1]}}
,"/Users/jessechow/development/to-do-full/api/src/db.ts": {"path":"/Users/jessechow/development/to-do-full/api/src/db.ts","statementMap":{"0":{"start":{"line":1,"column":0},"end":{"line":1,"column":39}},"1":{"start":{"line":4,"column":13},"end":{"line":11,"column":3}},"2":{"start":{"line":13,"column":21},"end":{"line":15,"column":1}},"3":{"start":{"line":14,"column":4},"end":{"line":14,"column":36}},"4":{"start":{"line":13,"column":13},"end":{"line":13,"column":21}}},"fnMap":{"0":{"name":"(anonymous_0)","decl":{"start":{"line":13,"column":21},"end":{"line":13,"column":22}},"loc":{"start":{"line":13,"column":76},"end":{"line":15,"column":1}}}},"branchMap":{},"s":{"0":1,"1":1,"2":1,"3":0,"4":1},"f":{"0":0},"b":{}}
}
