TN:
SF:src/app.ts
FN:15,(anonymous_14)
FN:20,(anonymous_15)
FN:20,(anonymous_16)
FN:36,(anonymous_17)
FN:36,(anonymous_18)
FN:54,(anonymous_19)
FN:54,(anonymous_20)
FN:74,(anonymous_21)
FN:74,(anonymous_22)
FN:97,(anonymous_23)
FN:97,(anonymous_24)
FNF:11
FNH:11
FNDA:1,(anonymous_14)
FNDA:3,(anonymous_15)
FNDA:3,(anonymous_16)
FNDA:3,(anonymous_17)
FNDA:3,(anonymous_18)
FNDA:3,(anonymous_19)
FNDA:3,(anonymous_20)
FNDA:3,(anonymous_21)
FNDA:3,(anonymous_22)
FNDA:3,(anonymous_23)
FNDA:3,(anonymous_24)
DA:1,1
DA:2,1
DA:3,1
DA:5,1
DA:7,1
DA:8,1
DA:11,1
DA:12,1
DA:15,1
DA:16,1
DA:20,3
DA:21,3
DA:22,3
DA:23,2
DA:24,1
DA:26,1
DA:29,1
DA:34,1
DA:36,3
DA:37,3
DA:38,3
DA:39,3
DA:42,2
DA:43,1
DA:45,1
DA:48,1
DA:54,3
DA:55,3
DA:56,3
DA:57,3
DA:61,2
DA:62,1
DA:64,1
DA:67,1
DA:72,1
DA:74,3
DA:75,3
DA:76,3
DA:77,3
DA:78,3
DA:83,2
DA:84,1
DA:86,1
DA:89,1
DA:95,1
DA:97,3
DA:98,3
DA:99,3
DA:100,3
DA:103,2
DA:104,1
DA:106,1
DA:109,1
DA:114,1
LF:54
LH:54
BRDA:23,0,0,1
BRDA:23,0,1,1
BRDA:23,1,0,2
BRDA:23,1,1,2
BRDA:23,1,2,2
BRDA:42,2,0,1
BRDA:42,2,1,1
BRDA:42,3,0,2
BRDA:42,3,1,2
BRDA:42,3,2,2
BRDA:61,4,0,1
BRDA:61,4,1,1
BRDA:61,5,0,2
BRDA:61,5,1,2
BRDA:61,5,2,1
BRDA:83,6,0,1
BRDA:83,6,1,1
BRDA:83,7,0,2
BRDA:83,7,1,2
BRDA:83,7,2,1
BRDA:103,8,0,1
BRDA:103,8,1,1
BRDA:103,9,0,2
BRDA:103,9,1,2
BRDA:103,9,2,1
BRF:25
BRH:25
end_of_record
TN:
SF:src/db.ts
FN:13,(anonymous_0)
FNF:1
FNH:0
FNDA:0,(anonymous_0)
DA:1,1
DA:4,1
DA:13,1
DA:14,0
LF:4
LH:3
BRF:0
BRH:0
end_of_record
